


ARM Macro Assembler    Page 1 


    1 00000000         ;/*!
    2 00000000         ;    \file    startup_gd32c31xx.s
    3 00000000         ;    \brief   start up file
    4 00000000         ;
    5 00000000         ;    \version 2025-05-30, V1.0.0, firmware for gd32c2x1
    6 00000000         ;*/
    7 00000000         ;
    8 00000000         ;/*
    9 00000000         ;    Copyright (c) 2025, GigaDevice Semiconductor Inc.
   10 00000000         ;
   11 00000000         ;    Redistribution and use in source and binary forms, 
                       with or without modification, 
   12 00000000         ;are permitted provided that the following conditions ar
                       e met:
   13 00000000         ;
   14 00000000         ;    1. Redistributions of source code must retain the a
                       bove copyright notice, this 
   15 00000000         ;       list of conditions and the following disclaimer.
                       
   16 00000000         ;    2. Redistributions in binary form must reproduce th
                       e above copyright notice, 
   17 00000000         ;       this list of conditions and the following discla
                       imer in the documentation 
   18 00000000         ;       and/or other materials provided with the distrib
                       ution.
   19 00000000         ;    3. Neither the name of the copyright holder nor the
                        names of its contributors 
   20 00000000         ;       may be used to endorse or promote products deriv
                       ed from this software without 
   21 00000000         ;       specific prior written permission.
   22 00000000         ;
   23 00000000         ;    THIS SOFTWARE IS PROVIDED BY THE COPYRIGHT HOLDERS 
                       AND CONTRIBUTORS "AS IS" 
   24 00000000         ;AND ANY EXPRESS OR IMPLIED WARRANTIES, INCLUDING, BUT N
                       OT LIMITED TO, THE IMPLIED 
   25 00000000         ;WARRANTIES OF MERCHANTABILITY AND FITNESS FOR A PARTICU
                       LAR PURPOSE ARE DISCLAIMED. 
   26 00000000         ;IN NO EVENT SHALL THE COPYRIGHT HOLDER OR CONTRIBUTORS 
                       BE LIABLE FOR ANY DIRECT, 
   27 00000000         ;INDIRECT, INCIDENTAL, SPECIAL, EXEMPLARY, OR CONSEQUENT
                       IAL DAMAGES (INCLUDING, BUT 
   28 00000000         ;NOT LIMITED TO, PROCUREMENT OF SUBSTITUTE GOODS OR SERV
                       ICES; LOSS OF USE, DATA, OR 
   29 00000000         ;PROFITS; OR BUSINESS INTERRUPTION) HOWEVER CAUSED AND O
                       N ANY THEORY OF LIABILITY, 
   30 00000000         ;WHETHER IN CONTRACT, STRICT LIABILITY, OR TORT (INCLUDI
                       NG NEGLIGENCE OR OTHERWISE) 
   31 00000000         ;ARISING IN ANY WAY OUT OF THE USE OF THIS SOFTWARE, EVE
                       N IF ADVISED OF THE POSSIBILITY 
   32 00000000         ;OF SUCH DAMAGE.
   33 00000000         ;*/
   34 00000000         
   35 00000000         ; <h> Stack Configuration
   36 00000000         ;   <o> Stack Size (in Bytes) <0x0-0xFFFFFFFF:8>
   37 00000000         ; </h>
   38 00000000         
   39 00000000 00000400 
                       Stack_Size
                               EQU              0x00000400



ARM Macro Assembler    Page 2 


   40 00000000         
   41 00000000                 AREA             STACK, NOINIT, READWRITE, ALIGN
=3
   42 00000000         Stack_Mem
                               SPACE            Stack_Size
   43 00000400         __initial_sp
   44 00000400         
   45 00000400         
   46 00000400         ; <h> Heap Configuration
   47 00000400         ;   <o>  Heap Size (in Bytes) <0x0-0xFFFFFFFF:8>
   48 00000400         ; </h>
   49 00000400         
   50 00000400 00000400 
                       Heap_Size
                               EQU              0x00000400
   51 00000400         
   52 00000400                 AREA             HEAP, NOINIT, READWRITE, ALIGN=
3
   53 00000000         __heap_base
   54 00000000         Heap_Mem
                               SPACE            Heap_Size
   55 00000400         __heap_limit
   56 00000400         
   57 00000400                 PRESERVE8
   58 00000400                 THUMB
   59 00000400         
   60 00000400         ;               /* reset Vector Mapped to at Address 0 *
                       /
   61 00000400                 AREA             RESET, DATA, READONLY
   62 00000000                 EXPORT           __Vectors
   63 00000000                 EXPORT           __Vectors_End
   64 00000000                 EXPORT           __Vectors_Size
   65 00000000         
   66 00000000 00000000 
                       __Vectors
                               DCD              __initial_sp ; Top of Stack
   67 00000004 00000000        DCD              Reset_Handler ; Reset Handler
   68 00000008 00000000        DCD              NMI_Handler ; NMI Handler
   69 0000000C 00000000        DCD              HardFault_Handler ; Hard Fault 
                                                            Handler
   70 00000010 00000000        DCD              0           ; Reserved
   71 00000014 00000000        DCD              0           ; Reserved
   72 00000018 00000000        DCD              0           ; Reserved
   73 0000001C 00000000        DCD              0           ; Reserved
   74 00000020 00000000        DCD              0           ; Reserved
   75 00000024 00000000        DCD              0           ; Reserved
   76 00000028 00000000        DCD              0           ; Reserved
   77 0000002C 00000000        DCD              SVC_Handler ; SVCall Handler
   78 00000030 00000000        DCD              0           ; Reserved
   79 00000034 00000000        DCD              0           ; Reserved
   80 00000038 00000000        DCD              PendSV_Handler ; PendSV Handler
                                                            
   81 0000003C 00000000        DCD              SysTick_Handler 
                                                            ; SysTick Handler
   82 00000040         
   83 00000040         ;               /* external interrupts handler */
   84 00000040 00000000        DCD              WWDGT_IRQHandler ; 16:Window Wa
                                                            tchdog Timer
   85 00000044 00000000        DCD              TIMESTAMP_IRQHandler ; 17:RTC T



ARM Macro Assembler    Page 3 


                                                            imeStamp through EX
                                                            TI Line detect
   86 00000048 00000000        DCD              0           ; 18:Reserved
   87 0000004C 00000000        DCD              FMC_IRQHandler ; 19:FMC global 
                                                            interrupt
   88 00000050 00000000        DCD              RCU_IRQHandler ; 20:RCU global 
                                                            interrupt
   89 00000054 00000000        DCD              EXTI0_IRQHandler 
                                                            ; 21:EXTI Line 0
   90 00000058 00000000        DCD              EXTI1_IRQHandler 
                                                            ; 22:EXTI Line 1
   91 0000005C 00000000        DCD              EXTI2_IRQHandler 
                                                            ; 23:EXTI Line 2
   92 00000060 00000000        DCD              EXTI3_IRQHandler 
                                                            ; 24:EXTI Line 3
   93 00000064 00000000        DCD              EXTI4_IRQHandler 
                                                            ; 25:EXTI Line 4
   94 00000068 00000000        DCD              DMA_Channel0_IRQHandler 
                                                            ; 26:DMA Channel 0 
                                                            
   95 0000006C 00000000        DCD              DMA_Channel1_IRQHandler 
                                                            ; 27:DMA Channel 1 
                                                            
   96 00000070 00000000        DCD              DMA_Channel2_IRQHandler 
                                                            ; 28:DMA Channel 2 
                                                            
   97 00000074 00000000        DCD              ADC_IRQHandler 
                                                            ; 29:ADC interrupt
   98 00000078 00000000        DCD              USART0_IRQHandler ; 30:USART0
   99 0000007C 00000000        DCD              USART1_IRQHandler ; 31:USART1
  100 00000080 00000000        DCD              USART2_IRQHandler ; 32:USART2
  101 00000084 00000000        DCD              I2C0_EV_IRQHandler 
                                                            ; 33:I2C0 Event
  102 00000088 00000000        DCD              I2C0_ER_IRQHandler 
                                                            ; 34:I2C0 Error
  103 0000008C 00000000        DCD              I2C1_EV_IRQHandler 
                                                            ; 35:I2C1 Event
  104 00000090 00000000        DCD              I2C1_ER_IRQHandler 
                                                            ; 36:I2C1 Error
  105 00000094 00000000        DCD              SPI0_IRQHandler ; 37:SPI0
  106 00000098 00000000        DCD              SPI1_IRQHandler ; 38:SPI1
  107 0000009C 00000000        DCD              RTC_Alarm_IRQHandler ; 39:RTC A
                                                            larm through EXTI L
                                                            ine detect
  108 000000A0 00000000        DCD              EXTI5_9_IRQHandler 
                                                            ; 40:EXTI5 to EXTI9
                                                            
  109 000000A4 00000000        DCD              TIMER0_TRG_CMT_UP_BRK_IRQHandle
r 
                                                            ; 41:TIMER0 Trigger
                                                            , Communication, Up
                                                            date and Break
  110 000000A8 00000000        DCD              TIMER0_Channel_IRQHandler ; 42:
                                                            TIMER0 Channel Capt
                                                            ure Compare
  111 000000AC 00000000        DCD              TIMER2_IRQHandler ; 43:TIMER2
  112 000000B0 00000000        DCD              TIMER13_IRQHandler ; 44:TIMER13
                                                            
  113 000000B4 00000000        DCD              TIMER15_IRQHandler ; 45:TIMER15



ARM Macro Assembler    Page 4 


                                                            
  114 000000B8 00000000        DCD              TIMER16_IRQHandler ; 46:TIMER16
                                                            
  115 000000BC 00000000        DCD              EXTI10_15_IRQHandler ; 47:EXTI1
                                                            0 to EXTI15
  116 000000C0 00000000        DCD              0           ; 48:Reserved
  117 000000C4 00000000        DCD              DMAMUX_IRQHandler ; 49:DMAMUX
  118 000000C8 00000000        DCD              CMP0_IRQHandler ; 50:Comparator
                                                             0 interrupt throug
                                                            h EXTI Line detect
  119 000000CC 00000000        DCD              CMP1_IRQHandler ; 51:Comparator
                                                             1 interrupt throug
                                                            h EXTI Line detect
  120 000000D0 00000000        DCD              I2C0_WKUP_IRQHandler ; 52:I2C0 
                                                            Wakeup interrupt th
                                                            rough EXTI Line det
                                                            ect
  121 000000D4 00000000        DCD              I2C1_WKUP_IRQHandler ; 53:I2C1 
                                                            Wakeup interrupt th
                                                            rough EXTI Line det
                                                            ect
  122 000000D8 00000000        DCD              USART0_WKUP_IRQHandler ; 54:USA
                                                            RT0 Wakeup interrup
                                                            t through EXTI Line
                                                             detect
  123 000000DC         
  124 000000DC         
  125 000000DC         __Vectors_End
  126 000000DC         
  127 000000DC 000000DC 
                       __Vectors_Size
                               EQU              __Vectors_End - __Vectors
  128 000000DC         
  129 000000DC                 AREA             |.text|, CODE, READONLY
  130 00000000         
  131 00000000         ;/* reset Handler */
  132 00000000         Reset_Handler
                               PROC
  133 00000000                 EXPORT           Reset_Handler                  
   [WEAK]
  134 00000000         
  135 00000000 480B            LDR              r0, =0x1FFF0BE0
  136 00000002 6802            LDR              r2, [r0]
  137 00000004 480B            LDR              r0, = 0xFFFF0000
  138 00000006 4002            ANDS             r2, r2, r0
  139 00000008 0C12            LSRS             r2, r2, #16
  140 0000000A 0292            LSLS             r2, r2, #10
  141 0000000C 490A            LDR              r1, =0x20000000
  142 0000000E F240 0000       MOV              r0, #0x00
  143 00000012 C101    SRAM_INIT
                               STM              r1!, {r0}
  144 00000014 1F12            SUBS             r2, r2, #4
  145 00000016 2A00            CMP              r2, #0x00
  146 00000018 D1FB            BNE              SRAM_INIT
  147 0000001A         
  148 0000001A                 IMPORT           SystemInit
  149 0000001A                 IMPORT           __main
  150 0000001A 4808            LDR              R0, =SystemInit
  151 0000001C 4780            BLX              R0



ARM Macro Assembler    Page 5 


  152 0000001E 4808            LDR              R0, =__main
  153 00000020 4700            BX               R0
  154 00000022                 ENDP
  155 00000022         
  156 00000022         ;/* dummy Exception Handlers */
  158 00000022         NMI_Handler
                               PROC
  159 00000022                 EXPORT           NMI_Handler                    
   [WEAK]
  160 00000022 E7FE            B                .
  161 00000024                 ENDP
  163 00000024         HardFault_Handler
                               PROC
  164 00000024                 EXPORT           HardFault_Handler              
   [WEAK]
  165 00000024 E7FE            B                .
  166 00000026                 ENDP
  168 00000026         SVC_Handler
                               PROC
  169 00000026                 EXPORT           SVC_Handler                    
   [WEAK]
  170 00000026 E7FE            B                .
  171 00000028                 ENDP
  173 00000028         PendSV_Handler
                               PROC
  174 00000028                 EXPORT           PendSV_Handler                 
   [WEAK]
  175 00000028 E7FE            B                .
  176 0000002A                 ENDP
  178 0000002A         SysTick_Handler
                               PROC
  179 0000002A                 EXPORT           SysTick_Handler                
   [WEAK]
  180 0000002A E7FE            B                .
  181 0000002C                 ENDP
  182 0000002C         
  183 0000002C         Default_Handler
                               PROC
  184 0000002C         ;               /* external interrupts handler */
  185 0000002C                 EXPORT           WWDGT_IRQHandler               
   [WEAK]
  186 0000002C                 EXPORT           TIMESTAMP_IRQHandler           
   [WEAK]
  187 0000002C                 EXPORT           FMC_IRQHandler                 
   [WEAK]
  188 0000002C                 EXPORT           RCU_IRQHandler                 
   [WEAK]
  189 0000002C                 EXPORT           EXTI0_IRQHandler               
   [WEAK]
  190 0000002C                 EXPORT           EXTI1_IRQHandler               
   [WEAK]
  191 0000002C                 EXPORT           EXTI2_IRQHandler               
   [WEAK]
  192 0000002C                 EXPORT           EXTI3_IRQHandler               
   [WEAK]
  193 0000002C                 EXPORT           EXTI4_IRQHandler               
   [WEAK]
  194 0000002C                 EXPORT           DMA_Channel0_IRQHandler        
   [WEAK]



ARM Macro Assembler    Page 6 


  195 0000002C                 EXPORT           DMA_Channel1_IRQHandler        
   [WEAK]
  196 0000002C                 EXPORT           DMA_Channel2_IRQHandler        
   [WEAK]
  197 0000002C                 EXPORT           ADC_IRQHandler                 
   [WEAK]
  198 0000002C                 EXPORT           USART0_IRQHandler              
   [WEAK]
  199 0000002C                 EXPORT           USART1_IRQHandler              
   [WEAK]
  200 0000002C                 EXPORT           USART2_IRQHandler              
   [WEAK]
  201 0000002C                 EXPORT           I2C0_EV_IRQHandler             
   [WEAK]
  202 0000002C                 EXPORT           I2C0_ER_IRQHandler             
   [WEAK]
  203 0000002C                 EXPORT           I2C1_EV_IRQHandler             
   [WEAK]
  204 0000002C                 EXPORT           I2C1_ER_IRQHandler             
   [WEAK]
  205 0000002C                 EXPORT           SPI0_IRQHandler                
   [WEAK]
  206 0000002C                 EXPORT           SPI1_IRQHandler                
   [WEAK]
  207 0000002C                 EXPORT           RTC_Alarm_IRQHandler           
   [WEAK]
  208 0000002C                 EXPORT           EXTI5_9_IRQHandler             
   [WEAK]
  209 0000002C                 EXPORT           TIMER0_TRG_CMT_UP_BRK_IRQHandle
r  [WEAK]
  210 0000002C                 EXPORT           TIMER0_Channel_IRQHandler      
   [WEAK]
  211 0000002C                 EXPORT           TIMER2_IRQHandler              
   [WEAK]
  212 0000002C                 EXPORT           TIMER13_IRQHandler             
   [WEAK]
  213 0000002C                 EXPORT           TIMER15_IRQHandler             
   [WEAK]
  214 0000002C                 EXPORT           TIMER16_IRQHandler             
   [WEAK]
  215 0000002C                 EXPORT           EXTI10_15_IRQHandler           
   [WEAK]
  216 0000002C                 EXPORT           DMAMUX_IRQHandler              
   [WEAK]
  217 0000002C                 EXPORT           CMP0_IRQHandler                
   [WEAK]
  218 0000002C                 EXPORT           CMP1_IRQHandler                
   [WEAK]
  219 0000002C                 EXPORT           I2C0_WKUP_IRQHandler           
   [WEAK]
  220 0000002C                 EXPORT           I2C1_WKUP_IRQHandler           
   [WEAK]
  221 0000002C                 EXPORT           USART0_WKUP_IRQHandler         
   [WEAK]
  222 0000002C         
  223 0000002C         ;/* external interrupts handler */
  224 0000002C         WWDGT_IRQHandler
  225 0000002C         TIMESTAMP_IRQHandler
  226 0000002C         FMC_IRQHandler



ARM Macro Assembler    Page 7 


  227 0000002C         RCU_IRQHandler
  228 0000002C         EXTI0_IRQHandler
  229 0000002C         EXTI1_IRQHandler
  230 0000002C         EXTI2_IRQHandler
  231 0000002C         EXTI3_IRQHandler
  232 0000002C         EXTI4_IRQHandler
  233 0000002C         DMA_Channel0_IRQHandler
  234 0000002C         DMA_Channel1_IRQHandler
  235 0000002C         DMA_Channel2_IRQHandler
  236 0000002C         ADC_IRQHandler
  237 0000002C         USART0_IRQHandler
  238 0000002C         USART1_IRQHandler
  239 0000002C         USART2_IRQHandler
  240 0000002C         I2C0_EV_IRQHandler
  241 0000002C         I2C0_ER_IRQHandler
  242 0000002C         I2C1_EV_IRQHandler
  243 0000002C         I2C1_ER_IRQHandler
  244 0000002C         SPI0_IRQHandler
  245 0000002C         SPI1_IRQHandler
  246 0000002C         RTC_Alarm_IRQHandler
  247 0000002C         EXTI5_9_IRQHandler
  248 0000002C         TIMER0_TRG_CMT_UP_BRK_IRQHandler
  249 0000002C         TIMER0_Channel_IRQHandler
  250 0000002C         TIMER2_IRQHandler
  251 0000002C         TIMER13_IRQHandler
  252 0000002C         TIMER15_IRQHandler
  253 0000002C         TIMER16_IRQHandler
  254 0000002C         EXTI10_15_IRQHandler
  255 0000002C         DMAMUX_IRQHandler
  256 0000002C         CMP0_IRQHandler
  257 0000002C         CMP1_IRQHandler
  258 0000002C         I2C0_WKUP_IRQHandler
  259 0000002C         I2C1_WKUP_IRQHandler
  260 0000002C         USART0_WKUP_IRQHandler
  261 0000002C         
  262 0000002C E7FE            B                .
  263 0000002E                 ENDP
  264 0000002E         
  265 0000002E 00 00           ALIGN
  266 00000030         
  267 00000030         ; user Initial Stack & Heap
  268 00000030         
  269 00000030                 IF               :DEF:__MICROLIB
  270 00000030         
  271 00000030                 EXPORT           __initial_sp
  272 00000030                 EXPORT           __heap_base
  273 00000030                 EXPORT           __heap_limit
  274 00000030         
  275 00000030                 ELSE
  290                          ENDIF
  291 00000030         
  292 00000030                 END
              1FFF0BE0 
              FFFF0000 
              20000000 
              00000000 
              00000000 
Command Line: --debug --xref --diag_suppress=9931,A1950W --cpu=Cortex-M23 --dep
end=.\output\startup_gd32c231_221.d -o.\output\startup_gd32c231_221.o -I.\RTE\_



ARM Macro Assembler    Page 8 


GD32C231 -ID:\Users\16640\AppData\Local\Arm\Packs\ARM\CMSIS\6.1.0\CMSIS\Core\In
clude --predefine="__MICROLIB SETA 1" --predefine="__UVISION_VERSION SETA 540" 
--predefine="_RTE_ SETA 1" --list=.\list\startup_gd32c231_221.lst ..\..\Firmwar
e\CMSIS\GD\GD32C2x1\Source\ARM\startup_gd32c231_221.s



ARM Macro Assembler    Page 1 Alphabetic symbol ordering
Relocatable symbols

STACK 00000000

Symbol: STACK
   Definitions
      At line 41 in file ..\..\Firmware\CMSIS\GD\GD32C2x1\Source\ARM\startup_gd
32c231_221.s
   Uses
      None
Comment: STACK unused
Stack_Mem 00000000

Symbol: Stack_Mem
   Definitions
      At line 42 in file ..\..\Firmware\CMSIS\GD\GD32C2x1\Source\ARM\startup_gd
32c231_221.s
   Uses
      None
Comment: Stack_Mem unused
__initial_sp 00000400

Symbol: __initial_sp
   Definitions
      At line 43 in file ..\..\Firmware\CMSIS\GD\GD32C2x1\Source\ARM\startup_gd
32c231_221.s
   Uses
      At line 66 in file ..\..\Firmware\CMSIS\GD\GD32C2x1\Source\ARM\startup_gd
32c231_221.s
      At line 271 in file ..\..\Firmware\CMSIS\GD\GD32C2x1\Source\ARM\startup_g
d32c231_221.s

3 symbols



ARM Macro Assembler    Page 1 Alphabetic symbol ordering
Relocatable symbols

HEAP 00000000

Symbol: HEAP
   Definitions
      At line 52 in file ..\..\Firmware\CMSIS\GD\GD32C2x1\Source\ARM\startup_gd
32c231_221.s
   Uses
      None
Comment: HEAP unused
Heap_Mem 00000000

Symbol: Heap_Mem
   Definitions
      At line 54 in file ..\..\Firmware\CMSIS\GD\GD32C2x1\Source\ARM\startup_gd
32c231_221.s
   Uses
      None
Comment: Heap_Mem unused
__heap_base 00000000

Symbol: __heap_base
   Definitions
      At line 53 in file ..\..\Firmware\CMSIS\GD\GD32C2x1\Source\ARM\startup_gd
32c231_221.s
   Uses
      At line 272 in file ..\..\Firmware\CMSIS\GD\GD32C2x1\Source\ARM\startup_g
d32c231_221.s
Comment: __heap_base used once
__heap_limit 00000400

Symbol: __heap_limit
   Definitions
      At line 55 in file ..\..\Firmware\CMSIS\GD\GD32C2x1\Source\ARM\startup_gd
32c231_221.s
   Uses
      At line 273 in file ..\..\Firmware\CMSIS\GD\GD32C2x1\Source\ARM\startup_g
d32c231_221.s
Comment: __heap_limit used once
4 symbols



ARM Macro Assembler    Page 1 Alphabetic symbol ordering
Relocatable symbols

RESET 00000000

Symbol: RESET
   Definitions
      At line 61 in file ..\..\Firmware\CMSIS\GD\GD32C2x1\Source\ARM\startup_gd
32c231_221.s
   Uses
      None
Comment: RESET unused
__Vectors 00000000

Symbol: __Vectors
   Definitions
      At line 66 in file ..\..\Firmware\CMSIS\GD\GD32C2x1\Source\ARM\startup_gd
32c231_221.s
   Uses
      At line 62 in file ..\..\Firmware\CMSIS\GD\GD32C2x1\Source\ARM\startup_gd
32c231_221.s
      At line 127 in file ..\..\Firmware\CMSIS\GD\GD32C2x1\Source\ARM\startup_g
d32c231_221.s

__Vectors_End 000000DC

Symbol: __Vectors_End
   Definitions
      At line 125 in file ..\..\Firmware\CMSIS\GD\GD32C2x1\Source\ARM\startup_g
d32c231_221.s
   Uses
      At line 63 in file ..\..\Firmware\CMSIS\GD\GD32C2x1\Source\ARM\startup_gd
32c231_221.s
      At line 127 in file ..\..\Firmware\CMSIS\GD\GD32C2x1\Source\ARM\startup_g
d32c231_221.s

3 symbols



ARM Macro Assembler    Page 1 Alphabetic symbol ordering
Relocatable symbols

.text 00000000

Symbol: .text
   Definitions
      At line 129 in file ..\..\Firmware\CMSIS\GD\GD32C2x1\Source\ARM\startup_g
d32c231_221.s
   Uses
      None
Comment: .text unused
ADC_IRQHandler 0000002C

Symbol: ADC_IRQHandler
   Definitions
      At line 236 in file ..\..\Firmware\CMSIS\GD\GD32C2x1\Source\ARM\startup_g
d32c231_221.s
   Uses
      At line 97 in file ..\..\Firmware\CMSIS\GD\GD32C2x1\Source\ARM\startup_gd
32c231_221.s
      At line 197 in file ..\..\Firmware\CMSIS\GD\GD32C2x1\Source\ARM\startup_g
d32c231_221.s

CMP0_IRQHandler 0000002C

Symbol: CMP0_IRQHandler
   Definitions
      At line 256 in file ..\..\Firmware\CMSIS\GD\GD32C2x1\Source\ARM\startup_g
d32c231_221.s
   Uses
      At line 118 in file ..\..\Firmware\CMSIS\GD\GD32C2x1\Source\ARM\startup_g
d32c231_221.s
      At line 217 in file ..\..\Firmware\CMSIS\GD\GD32C2x1\Source\ARM\startup_g
d32c231_221.s

CMP1_IRQHandler 0000002C

Symbol: CMP1_IRQHandler
   Definitions
      At line 257 in file ..\..\Firmware\CMSIS\GD\GD32C2x1\Source\ARM\startup_g
d32c231_221.s
   Uses
      At line 119 in file ..\..\Firmware\CMSIS\GD\GD32C2x1\Source\ARM\startup_g
d32c231_221.s
      At line 218 in file ..\..\Firmware\CMSIS\GD\GD32C2x1\Source\ARM\startup_g
d32c231_221.s

DMAMUX_IRQHandler 0000002C

Symbol: DMAMUX_IRQHandler
   Definitions
      At line 255 in file ..\..\Firmware\CMSIS\GD\GD32C2x1\Source\ARM\startup_g
d32c231_221.s
   Uses
      At line 117 in file ..\..\Firmware\CMSIS\GD\GD32C2x1\Source\ARM\startup_g
d32c231_221.s
      At line 216 in file ..\..\Firmware\CMSIS\GD\GD32C2x1\Source\ARM\startup_g
d32c231_221.s

DMA_Channel0_IRQHandler 0000002C




ARM Macro Assembler    Page 2 Alphabetic symbol ordering
Relocatable symbols

Symbol: DMA_Channel0_IRQHandler
   Definitions
      At line 233 in file ..\..\Firmware\CMSIS\GD\GD32C2x1\Source\ARM\startup_g
d32c231_221.s
   Uses
      At line 94 in file ..\..\Firmware\CMSIS\GD\GD32C2x1\Source\ARM\startup_gd
32c231_221.s
      At line 194 in file ..\..\Firmware\CMSIS\GD\GD32C2x1\Source\ARM\startup_g
d32c231_221.s

DMA_Channel1_IRQHandler 0000002C

Symbol: DMA_Channel1_IRQHandler
   Definitions
      At line 234 in file ..\..\Firmware\CMSIS\GD\GD32C2x1\Source\ARM\startup_g
d32c231_221.s
   Uses
      At line 95 in file ..\..\Firmware\CMSIS\GD\GD32C2x1\Source\ARM\startup_gd
32c231_221.s
      At line 195 in file ..\..\Firmware\CMSIS\GD\GD32C2x1\Source\ARM\startup_g
d32c231_221.s

DMA_Channel2_IRQHandler 0000002C

Symbol: DMA_Channel2_IRQHandler
   Definitions
      At line 235 in file ..\..\Firmware\CMSIS\GD\GD32C2x1\Source\ARM\startup_g
d32c231_221.s
   Uses
      At line 96 in file ..\..\Firmware\CMSIS\GD\GD32C2x1\Source\ARM\startup_gd
32c231_221.s
      At line 196 in file ..\..\Firmware\CMSIS\GD\GD32C2x1\Source\ARM\startup_g
d32c231_221.s

Default_Handler 0000002C

Symbol: Default_Handler
   Definitions
      At line 183 in file ..\..\Firmware\CMSIS\GD\GD32C2x1\Source\ARM\startup_g
d32c231_221.s
   Uses
      None
Comment: Default_Handler unused
EXTI0_IRQHandler 0000002C

Symbol: EXTI0_IRQHandler
   Definitions
      At line 228 in file ..\..\Firmware\CMSIS\GD\GD32C2x1\Source\ARM\startup_g
d32c231_221.s
   Uses
      At line 89 in file ..\..\Firmware\CMSIS\GD\GD32C2x1\Source\ARM\startup_gd
32c231_221.s
      At line 189 in file ..\..\Firmware\CMSIS\GD\GD32C2x1\Source\ARM\startup_g
d32c231_221.s

EXTI10_15_IRQHandler 0000002C

Symbol: EXTI10_15_IRQHandler
   Definitions



ARM Macro Assembler    Page 3 Alphabetic symbol ordering
Relocatable symbols

      At line 254 in file ..\..\Firmware\CMSIS\GD\GD32C2x1\Source\ARM\startup_g
d32c231_221.s
   Uses
      At line 115 in file ..\..\Firmware\CMSIS\GD\GD32C2x1\Source\ARM\startup_g
d32c231_221.s
      At line 215 in file ..\..\Firmware\CMSIS\GD\GD32C2x1\Source\ARM\startup_g
d32c231_221.s

EXTI1_IRQHandler 0000002C

Symbol: EXTI1_IRQHandler
   Definitions
      At line 229 in file ..\..\Firmware\CMSIS\GD\GD32C2x1\Source\ARM\startup_g
d32c231_221.s
   Uses
      At line 90 in file ..\..\Firmware\CMSIS\GD\GD32C2x1\Source\ARM\startup_gd
32c231_221.s
      At line 190 in file ..\..\Firmware\CMSIS\GD\GD32C2x1\Source\ARM\startup_g
d32c231_221.s

EXTI2_IRQHandler 0000002C

Symbol: EXTI2_IRQHandler
   Definitions
      At line 230 in file ..\..\Firmware\CMSIS\GD\GD32C2x1\Source\ARM\startup_g
d32c231_221.s
   Uses
      At line 91 in file ..\..\Firmware\CMSIS\GD\GD32C2x1\Source\ARM\startup_gd
32c231_221.s
      At line 191 in file ..\..\Firmware\CMSIS\GD\GD32C2x1\Source\ARM\startup_g
d32c231_221.s

EXTI3_IRQHandler 0000002C

Symbol: EXTI3_IRQHandler
   Definitions
      At line 231 in file ..\..\Firmware\CMSIS\GD\GD32C2x1\Source\ARM\startup_g
d32c231_221.s
   Uses
      At line 92 in file ..\..\Firmware\CMSIS\GD\GD32C2x1\Source\ARM\startup_gd
32c231_221.s
      At line 192 in file ..\..\Firmware\CMSIS\GD\GD32C2x1\Source\ARM\startup_g
d32c231_221.s

EXTI4_IRQHandler 0000002C

Symbol: EXTI4_IRQHandler
   Definitions
      At line 232 in file ..\..\Firmware\CMSIS\GD\GD32C2x1\Source\ARM\startup_g
d32c231_221.s
   Uses
      At line 93 in file ..\..\Firmware\CMSIS\GD\GD32C2x1\Source\ARM\startup_gd
32c231_221.s
      At line 193 in file ..\..\Firmware\CMSIS\GD\GD32C2x1\Source\ARM\startup_g
d32c231_221.s

EXTI5_9_IRQHandler 0000002C

Symbol: EXTI5_9_IRQHandler



ARM Macro Assembler    Page 4 Alphabetic symbol ordering
Relocatable symbols

   Definitions
      At line 247 in file ..\..\Firmware\CMSIS\GD\GD32C2x1\Source\ARM\startup_g
d32c231_221.s
   Uses
      At line 108 in file ..\..\Firmware\CMSIS\GD\GD32C2x1\Source\ARM\startup_g
d32c231_221.s
      At line 208 in file ..\..\Firmware\CMSIS\GD\GD32C2x1\Source\ARM\startup_g
d32c231_221.s

FMC_IRQHandler 0000002C

Symbol: FMC_IRQHandler
   Definitions
      At line 226 in file ..\..\Firmware\CMSIS\GD\GD32C2x1\Source\ARM\startup_g
d32c231_221.s
   Uses
      At line 87 in file ..\..\Firmware\CMSIS\GD\GD32C2x1\Source\ARM\startup_gd
32c231_221.s
      At line 187 in file ..\..\Firmware\CMSIS\GD\GD32C2x1\Source\ARM\startup_g
d32c231_221.s

HardFault_Handler 00000024

Symbol: HardFault_Handler
   Definitions
      At line 163 in file ..\..\Firmware\CMSIS\GD\GD32C2x1\Source\ARM\startup_g
d32c231_221.s
   Uses
      At line 69 in file ..\..\Firmware\CMSIS\GD\GD32C2x1\Source\ARM\startup_gd
32c231_221.s
      At line 164 in file ..\..\Firmware\CMSIS\GD\GD32C2x1\Source\ARM\startup_g
d32c231_221.s

I2C0_ER_IRQHandler 0000002C

Symbol: I2C0_ER_IRQHandler
   Definitions
      At line 241 in file ..\..\Firmware\CMSIS\GD\GD32C2x1\Source\ARM\startup_g
d32c231_221.s
   Uses
      At line 102 in file ..\..\Firmware\CMSIS\GD\GD32C2x1\Source\ARM\startup_g
d32c231_221.s
      At line 202 in file ..\..\Firmware\CMSIS\GD\GD32C2x1\Source\ARM\startup_g
d32c231_221.s

I2C0_EV_IRQHandler 0000002C

Symbol: I2C0_EV_IRQHandler
   Definitions
      At line 240 in file ..\..\Firmware\CMSIS\GD\GD32C2x1\Source\ARM\startup_g
d32c231_221.s
   Uses
      At line 101 in file ..\..\Firmware\CMSIS\GD\GD32C2x1\Source\ARM\startup_g
d32c231_221.s
      At line 201 in file ..\..\Firmware\CMSIS\GD\GD32C2x1\Source\ARM\startup_g
d32c231_221.s

I2C0_WKUP_IRQHandler 0000002C




ARM Macro Assembler    Page 5 Alphabetic symbol ordering
Relocatable symbols

Symbol: I2C0_WKUP_IRQHandler
   Definitions
      At line 258 in file ..\..\Firmware\CMSIS\GD\GD32C2x1\Source\ARM\startup_g
d32c231_221.s
   Uses
      At line 120 in file ..\..\Firmware\CMSIS\GD\GD32C2x1\Source\ARM\startup_g
d32c231_221.s
      At line 219 in file ..\..\Firmware\CMSIS\GD\GD32C2x1\Source\ARM\startup_g
d32c231_221.s

I2C1_ER_IRQHandler 0000002C

Symbol: I2C1_ER_IRQHandler
   Definitions
      At line 243 in file ..\..\Firmware\CMSIS\GD\GD32C2x1\Source\ARM\startup_g
d32c231_221.s
   Uses
      At line 104 in file ..\..\Firmware\CMSIS\GD\GD32C2x1\Source\ARM\startup_g
d32c231_221.s
      At line 204 in file ..\..\Firmware\CMSIS\GD\GD32C2x1\Source\ARM\startup_g
d32c231_221.s

I2C1_EV_IRQHandler 0000002C

Symbol: I2C1_EV_IRQHandler
   Definitions
      At line 242 in file ..\..\Firmware\CMSIS\GD\GD32C2x1\Source\ARM\startup_g
d32c231_221.s
   Uses
      At line 103 in file ..\..\Firmware\CMSIS\GD\GD32C2x1\Source\ARM\startup_g
d32c231_221.s
      At line 203 in file ..\..\Firmware\CMSIS\GD\GD32C2x1\Source\ARM\startup_g
d32c231_221.s

I2C1_WKUP_IRQHandler 0000002C

Symbol: I2C1_WKUP_IRQHandler
   Definitions
      At line 259 in file ..\..\Firmware\CMSIS\GD\GD32C2x1\Source\ARM\startup_g
d32c231_221.s
   Uses
      At line 121 in file ..\..\Firmware\CMSIS\GD\GD32C2x1\Source\ARM\startup_g
d32c231_221.s
      At line 220 in file ..\..\Firmware\CMSIS\GD\GD32C2x1\Source\ARM\startup_g
d32c231_221.s

NMI_Handler 00000022

Symbol: NMI_Handler
   Definitions
      At line 158 in file ..\..\Firmware\CMSIS\GD\GD32C2x1\Source\ARM\startup_g
d32c231_221.s
   Uses
      At line 68 in file ..\..\Firmware\CMSIS\GD\GD32C2x1\Source\ARM\startup_gd
32c231_221.s
      At line 159 in file ..\..\Firmware\CMSIS\GD\GD32C2x1\Source\ARM\startup_g
d32c231_221.s

PendSV_Handler 00000028



ARM Macro Assembler    Page 6 Alphabetic symbol ordering
Relocatable symbols


Symbol: PendSV_Handler
   Definitions
      At line 173 in file ..\..\Firmware\CMSIS\GD\GD32C2x1\Source\ARM\startup_g
d32c231_221.s
   Uses
      At line 80 in file ..\..\Firmware\CMSIS\GD\GD32C2x1\Source\ARM\startup_gd
32c231_221.s
      At line 174 in file ..\..\Firmware\CMSIS\GD\GD32C2x1\Source\ARM\startup_g
d32c231_221.s

RCU_IRQHandler 0000002C

Symbol: RCU_IRQHandler
   Definitions
      At line 227 in file ..\..\Firmware\CMSIS\GD\GD32C2x1\Source\ARM\startup_g
d32c231_221.s
   Uses
      At line 88 in file ..\..\Firmware\CMSIS\GD\GD32C2x1\Source\ARM\startup_gd
32c231_221.s
      At line 188 in file ..\..\Firmware\CMSIS\GD\GD32C2x1\Source\ARM\startup_g
d32c231_221.s

RTC_Alarm_IRQHandler 0000002C

Symbol: RTC_Alarm_IRQHandler
   Definitions
      At line 246 in file ..\..\Firmware\CMSIS\GD\GD32C2x1\Source\ARM\startup_g
d32c231_221.s
   Uses
      At line 107 in file ..\..\Firmware\CMSIS\GD\GD32C2x1\Source\ARM\startup_g
d32c231_221.s
      At line 207 in file ..\..\Firmware\CMSIS\GD\GD32C2x1\Source\ARM\startup_g
d32c231_221.s

Reset_Handler 00000000

Symbol: Reset_Handler
   Definitions
      At line 132 in file ..\..\Firmware\CMSIS\GD\GD32C2x1\Source\ARM\startup_g
d32c231_221.s
   Uses
      At line 67 in file ..\..\Firmware\CMSIS\GD\GD32C2x1\Source\ARM\startup_gd
32c231_221.s
      At line 133 in file ..\..\Firmware\CMSIS\GD\GD32C2x1\Source\ARM\startup_g
d32c231_221.s

SPI0_IRQHandler 0000002C

Symbol: SPI0_IRQHandler
   Definitions
      At line 244 in file ..\..\Firmware\CMSIS\GD\GD32C2x1\Source\ARM\startup_g
d32c231_221.s
   Uses
      At line 105 in file ..\..\Firmware\CMSIS\GD\GD32C2x1\Source\ARM\startup_g
d32c231_221.s
      At line 205 in file ..\..\Firmware\CMSIS\GD\GD32C2x1\Source\ARM\startup_g
d32c231_221.s




ARM Macro Assembler    Page 7 Alphabetic symbol ordering
Relocatable symbols

SPI1_IRQHandler 0000002C

Symbol: SPI1_IRQHandler
   Definitions
      At line 245 in file ..\..\Firmware\CMSIS\GD\GD32C2x1\Source\ARM\startup_g
d32c231_221.s
   Uses
      At line 106 in file ..\..\Firmware\CMSIS\GD\GD32C2x1\Source\ARM\startup_g
d32c231_221.s
      At line 206 in file ..\..\Firmware\CMSIS\GD\GD32C2x1\Source\ARM\startup_g
d32c231_221.s

SRAM_INIT 00000012

Symbol: SRAM_INIT
   Definitions
      At line 143 in file ..\..\Firmware\CMSIS\GD\GD32C2x1\Source\ARM\startup_g
d32c231_221.s
   Uses
      At line 146 in file ..\..\Firmware\CMSIS\GD\GD32C2x1\Source\ARM\startup_g
d32c231_221.s
Comment: SRAM_INIT used once
SVC_Handler 00000026

Symbol: SVC_Handler
   Definitions
      At line 168 in file ..\..\Firmware\CMSIS\GD\GD32C2x1\Source\ARM\startup_g
d32c231_221.s
   Uses
      At line 77 in file ..\..\Firmware\CMSIS\GD\GD32C2x1\Source\ARM\startup_gd
32c231_221.s
      At line 169 in file ..\..\Firmware\CMSIS\GD\GD32C2x1\Source\ARM\startup_g
d32c231_221.s

SysTick_Handler 0000002A

Symbol: SysTick_Handler
   Definitions
      At line 178 in file ..\..\Firmware\CMSIS\GD\GD32C2x1\Source\ARM\startup_g
d32c231_221.s
   Uses
      At line 81 in file ..\..\Firmware\CMSIS\GD\GD32C2x1\Source\ARM\startup_gd
32c231_221.s
      At line 179 in file ..\..\Firmware\CMSIS\GD\GD32C2x1\Source\ARM\startup_g
d32c231_221.s

TIMER0_Channel_IRQHandler 0000002C

Symbol: TIMER0_Channel_IRQHandler
   Definitions
      At line 249 in file ..\..\Firmware\CMSIS\GD\GD32C2x1\Source\ARM\startup_g
d32c231_221.s
   Uses
      At line 110 in file ..\..\Firmware\CMSIS\GD\GD32C2x1\Source\ARM\startup_g
d32c231_221.s
      At line 210 in file ..\..\Firmware\CMSIS\GD\GD32C2x1\Source\ARM\startup_g
d32c231_221.s

TIMER0_TRG_CMT_UP_BRK_IRQHandler 0000002C



ARM Macro Assembler    Page 8 Alphabetic symbol ordering
Relocatable symbols


Symbol: TIMER0_TRG_CMT_UP_BRK_IRQHandler
   Definitions
      At line 248 in file ..\..\Firmware\CMSIS\GD\GD32C2x1\Source\ARM\startup_g
d32c231_221.s
   Uses
      At line 109 in file ..\..\Firmware\CMSIS\GD\GD32C2x1\Source\ARM\startup_g
d32c231_221.s
      At line 209 in file ..\..\Firmware\CMSIS\GD\GD32C2x1\Source\ARM\startup_g
d32c231_221.s

TIMER13_IRQHandler 0000002C

Symbol: TIMER13_IRQHandler
   Definitions
      At line 251 in file ..\..\Firmware\CMSIS\GD\GD32C2x1\Source\ARM\startup_g
d32c231_221.s
   Uses
      At line 112 in file ..\..\Firmware\CMSIS\GD\GD32C2x1\Source\ARM\startup_g
d32c231_221.s
      At line 212 in file ..\..\Firmware\CMSIS\GD\GD32C2x1\Source\ARM\startup_g
d32c231_221.s

TIMER15_IRQHandler 0000002C

Symbol: TIMER15_IRQHandler
   Definitions
      At line 252 in file ..\..\Firmware\CMSIS\GD\GD32C2x1\Source\ARM\startup_g
d32c231_221.s
   Uses
      At line 113 in file ..\..\Firmware\CMSIS\GD\GD32C2x1\Source\ARM\startup_g
d32c231_221.s
      At line 213 in file ..\..\Firmware\CMSIS\GD\GD32C2x1\Source\ARM\startup_g
d32c231_221.s

TIMER16_IRQHandler 0000002C

Symbol: TIMER16_IRQHandler
   Definitions
      At line 253 in file ..\..\Firmware\CMSIS\GD\GD32C2x1\Source\ARM\startup_g
d32c231_221.s
   Uses
      At line 114 in file ..\..\Firmware\CMSIS\GD\GD32C2x1\Source\ARM\startup_g
d32c231_221.s
      At line 214 in file ..\..\Firmware\CMSIS\GD\GD32C2x1\Source\ARM\startup_g
d32c231_221.s

TIMER2_IRQHandler 0000002C

Symbol: TIMER2_IRQHandler
   Definitions
      At line 250 in file ..\..\Firmware\CMSIS\GD\GD32C2x1\Source\ARM\startup_g
d32c231_221.s
   Uses
      At line 111 in file ..\..\Firmware\CMSIS\GD\GD32C2x1\Source\ARM\startup_g
d32c231_221.s
      At line 211 in file ..\..\Firmware\CMSIS\GD\GD32C2x1\Source\ARM\startup_g
d32c231_221.s




ARM Macro Assembler    Page 9 Alphabetic symbol ordering
Relocatable symbols

TIMESTAMP_IRQHandler 0000002C

Symbol: TIMESTAMP_IRQHandler
   Definitions
      At line 225 in file ..\..\Firmware\CMSIS\GD\GD32C2x1\Source\ARM\startup_g
d32c231_221.s
   Uses
      At line 85 in file ..\..\Firmware\CMSIS\GD\GD32C2x1\Source\ARM\startup_gd
32c231_221.s
      At line 186 in file ..\..\Firmware\CMSIS\GD\GD32C2x1\Source\ARM\startup_g
d32c231_221.s

USART0_IRQHandler 0000002C

Symbol: USART0_IRQHandler
   Definitions
      At line 237 in file ..\..\Firmware\CMSIS\GD\GD32C2x1\Source\ARM\startup_g
d32c231_221.s
   Uses
      At line 98 in file ..\..\Firmware\CMSIS\GD\GD32C2x1\Source\ARM\startup_gd
32c231_221.s
      At line 198 in file ..\..\Firmware\CMSIS\GD\GD32C2x1\Source\ARM\startup_g
d32c231_221.s

USART0_WKUP_IRQHandler 0000002C

Symbol: USART0_WKUP_IRQHandler
   Definitions
      At line 260 in file ..\..\Firmware\CMSIS\GD\GD32C2x1\Source\ARM\startup_g
d32c231_221.s
   Uses
      At line 122 in file ..\..\Firmware\CMSIS\GD\GD32C2x1\Source\ARM\startup_g
d32c231_221.s
      At line 221 in file ..\..\Firmware\CMSIS\GD\GD32C2x1\Source\ARM\startup_g
d32c231_221.s

USART1_IRQHandler 0000002C

Symbol: USART1_IRQHandler
   Definitions
      At line 238 in file ..\..\Firmware\CMSIS\GD\GD32C2x1\Source\ARM\startup_g
d32c231_221.s
   Uses
      At line 99 in file ..\..\Firmware\CMSIS\GD\GD32C2x1\Source\ARM\startup_gd
32c231_221.s
      At line 199 in file ..\..\Firmware\CMSIS\GD\GD32C2x1\Source\ARM\startup_g
d32c231_221.s

USART2_IRQHandler 0000002C

Symbol: USART2_IRQHandler
   Definitions
      At line 239 in file ..\..\Firmware\CMSIS\GD\GD32C2x1\Source\ARM\startup_g
d32c231_221.s
   Uses
      At line 100 in file ..\..\Firmware\CMSIS\GD\GD32C2x1\Source\ARM\startup_g
d32c231_221.s
      At line 200 in file ..\..\Firmware\CMSIS\GD\GD32C2x1\Source\ARM\startup_g
d32c231_221.s



ARM Macro Assembler    Page 10 Alphabetic symbol ordering
Relocatable symbols


WWDGT_IRQHandler 0000002C

Symbol: WWDGT_IRQHandler
   Definitions
      At line 224 in file ..\..\Firmware\CMSIS\GD\GD32C2x1\Source\ARM\startup_g
d32c231_221.s
   Uses
      At line 84 in file ..\..\Firmware\CMSIS\GD\GD32C2x1\Source\ARM\startup_gd
32c231_221.s
      At line 185 in file ..\..\Firmware\CMSIS\GD\GD32C2x1\Source\ARM\startup_g
d32c231_221.s

46 symbols



ARM Macro Assembler    Page 1 Alphabetic symbol ordering
Absolute symbols

Heap_Size 00000400

Symbol: Heap_Size
   Definitions
      At line 50 in file ..\..\Firmware\CMSIS\GD\GD32C2x1\Source\ARM\startup_gd
32c231_221.s
   Uses
      At line 54 in file ..\..\Firmware\CMSIS\GD\GD32C2x1\Source\ARM\startup_gd
32c231_221.s
Comment: Heap_Size used once
Stack_Size 00000400

Symbol: Stack_Size
   Definitions
      At line 39 in file ..\..\Firmware\CMSIS\GD\GD32C2x1\Source\ARM\startup_gd
32c231_221.s
   Uses
      At line 42 in file ..\..\Firmware\CMSIS\GD\GD32C2x1\Source\ARM\startup_gd
32c231_221.s
Comment: Stack_Size used once
__Vectors_Size 000000DC

Symbol: __Vectors_Size
   Definitions
      At line 127 in file ..\..\Firmware\CMSIS\GD\GD32C2x1\Source\ARM\startup_g
d32c231_221.s
   Uses
      At line 64 in file ..\..\Firmware\CMSIS\GD\GD32C2x1\Source\ARM\startup_gd
32c231_221.s
Comment: __Vectors_Size used once
3 symbols



ARM Macro Assembler    Page 1 Alphabetic symbol ordering
External symbols

SystemInit 00000000

Symbol: SystemInit
   Definitions
      At line 148 in file ..\..\Firmware\CMSIS\GD\GD32C2x1\Source\ARM\startup_g
d32c231_221.s
   Uses
      At line 150 in file ..\..\Firmware\CMSIS\GD\GD32C2x1\Source\ARM\startup_g
d32c231_221.s
Comment: SystemInit used once
__main 00000000

Symbol: __main
   Definitions
      At line 149 in file ..\..\Firmware\CMSIS\GD\GD32C2x1\Source\ARM\startup_g
d32c231_221.s
   Uses
      At line 152 in file ..\..\Firmware\CMSIS\GD\GD32C2x1\Source\ARM\startup_g
d32c231_221.s
Comment: __main used once
2 symbols
396 symbols in table
