Load "d:\\Workspace\\doc\\HP6_BS\\Proj\\V1.0\\Driver\\Driver5_Write_IC_ZH\\App\\Keil_project\\output\\Project.axf" 
* JLink Info: Device "CORTEX-M23" selected.
Set JLink Project File to "d:\Workspace\doc\HP6_BS\Proj\V1.0\Driver\Driver5_Write_IC_ZH\App\Keil_project\JLinkSettings.ini"* JLink Info: Device "CORTEX-M23" selected.

JLink info:
------------
DLL: V7.96c, compiled Apr  2 2024 12:30:42
Firmware: J-Link V9 compiled Dec  8 2023 20:16:22
Hardware: V9.70
S/N : 602713429 
Feature(s) : GDB, RDI, FlashBP, FlashDL, JFlash 

* JLink Info: Found SW-DP with ID 0x0BF11477
* JLink Info: DPIDR: 0x0BF11477
* JLink Info: CoreSight SoC-400 or earlier
* JLink Info: Scanning AP map to find all available APs
* JLink Info: AP[1]: Stopped AP scan as end of AP map has been reached
* JLink Info: AP[0]: AHB-AP (IDR: 0x04770025)
* JLink Info: Iterating through AP map to find AHB-AP to use
* JLink Info: AP[0]: Core found
* JLink Info: AP[0]: AHB-AP ROM base: 0xE00FF000
* JLink Info: CPUID register: 0x411CD200. Implementer code: 0x41 (ARM)
* JLink Info: Feature set: Baseline
* JLink Info: Cache: No cache
* JLink Info: Found Cortex-M23 r1p0, Little endian.
* JLink Info: Cortex-M (ARMv8-M and later): The connected J-Link (S/N 602713429) uses an old firmware module that does not handle I/D-cache correctly. Proper debugging functionality cannot be guaranteed if cache is enabled
* JLink Info: FPUnit: 4 code (BP) slots and 0 literal slots
* JLink Info: Security extension: not implemented
* JLink Info: CoreSight components:
* JLink Info: ROMTbl[0] @ E00FF000
* JLink Info: [0][0]: E000E000 CID B105900D PID 000BBD20 DEVARCH 47702A04 DEVTYPE 00 Cortex-M23
* JLink Info: [0][1]: E0001000 CID B105900D PID 000BBD20 DEVARCH 47701A02 DEVTYPE 00 DWT
* JLink Info: [0][2]: E0002000 CID B105900D PID 000BBD20 DEVARCH 47701A03 DEVTYPE 00 FPB
ROMTableAddr = 0xE00FF000
Target indicates no PACTBI support (PAC_KEY registers are not implemented)
* JLink Info: Reset: Halt core after reset via DEMCR.VC_CORERESET.
* JLink Info: Reset: Reset device via AIRCR.SYSRESETREQ.

Target info:
------------
Device: GD32C231C8
VTarget = 3.280V
State of Pins: TCK: 0, TDI: 0, TDO: 0, TMS: 0, TRES: 1, TRST: 1
Hardware-Breakpoints: 4
Software-Breakpoints: 8192
Watchpoints:          2
JTAG speed: 4000 kHz

* JLink Info: Memory map 'after startup completion point' is active
Erase Done.Programming Done.Verify OK.* JLink Info: Memory map 'before startup completion point' is active
* JLink Info: Reset: Halt core after reset via DEMCR.VC_CORERESET.
* JLink Info: Reset: Reset device via AIRCR.SYSRESETREQ.
* JLink Info: Memory map 'after startup completion point' is active
Application running ...
Flash Load finished at 09:06:31
