*** Using Compiler 'V6.21', folder: 'D:\programs\Keil_v5\ARM\ARMCLANG\Bin'
Build target 'GD32C231'
compiling systick.c...
compiling main.c...
compiling bsp_gpio.c...
compiling gd32c2x1_adc.c...
compiling gd32c2x1_it.c...
compiling bsp_usart.c...
compiling gd32c2x1_crc.c...
compiling gd32c2x1_cmp.c...
compiling gd32c2x1_dbg.c...
compiling gd32c2x1_dma.c...
compiling gd32c2x1_exti.c...
compiling gd32c2x1_misc.c...
compiling gd32c2x1_gpio.c...
compiling gd32c2x1_fwdgt.c...
compiling gd32c2x1_fmc.c...
compiling gd32c2x1_i2c.c...
compiling gd32c2x1_pmu.c...
compiling gd32c2x1_rcu.c...
compiling gd32c2x1_rtc.c...
compiling gd32c2x1_spi.c...
compiling gd32c2x1_syscfg.c...
compiling gd32c2x1_wwdgt.c...
compiling gd32c2x1_usart.c...
compiling gd32c2x1_err_report.c...
compiling gd32c2x1_timer.c...
assembling startup_gd32c231_221.s...
compiling system_gd32c2x1.c...
compiling gd32c231c_eval.c...
compiling SEGGER_RTT_printf.c...
error: invalid instruction, any one of the following would fix this:
<inline asm>(2): note: instantiated into assembly here
    2 |         mov   r1, #1     
      |         ^
note: operand must be a register in range [r0, r15]
<inline asm>(2): note: instantiated into assembly here
    2 |         mov   r1, #1     
      |                   ^
note: instruction requires: thumb2
<inline asm>(2): note: instantiated into assembly here
    2 |         mov   r1, #1     
      |         ^
note: operand must be an immediate in the range [256,65535]
<inline asm>(2): note: instantiated into assembly here
    2 |         mov   r1, #1     
      |                   ^
error: invalid instruction, any one of the following would fix this:
<inline asm>(2): note: instantiated into assembly here
    2 |         mov   r1, #1     
      |         ^
note: operand must be a register in range [r0, r15]
<inline asm>(2): note: instantiated into assembly here
    2 |         mov   r1, #1     
      |                   ^
note: instruction requires: thumb2
<inline asm>(2): note: instantiated into assembly here
    2 |         mov   r1, #1     
      |         ^
note: operand must be an immediate in the range [256,65535]
<inline asm>(2): note: instantiated into assembly here
    2 |         mov   r1, #1     
      |                   ^
error: invalid instruction, any one of the following would fix this:
<inline asm>(2): note: instantiated into assembly here
    2 |         mov   r1, #1     
      |         ^
note: operand must be a register in range [r0, r15]
<inline asm>(2): note: instantiated into assembly here
    2 |         mov   r1, #1     
      |                   ^
note: instruction requires: thumb2
<inline asm>(2): note: instantiated into assembly here
    2 |         mov   r1, #1     
      |         ^
note: operand must be an immediate in the range [256,65535]
<inline asm>(2): note: instantiated into assembly here
    2 |         mov   r1, #1     
      |                   ^
error: invalid instruction, any one of the following would fix this:
<inline asm>(2): note: instantiated into assembly here
    2 |         mov   r1, #1     
      |         ^
note: operand must be a register in range [r0, r15]
<inline asm>(2): note: instantiated into assembly here
    2 |         mov   r1, #1     
      |                   ^
note: instruction requires: thumb2
<inline asm>(2): note: instantiated into assembly here
    2 |         mov   r1, #1     
      |         ^
note: operand must be an immediate in the range [256,65535]
<inline asm>(2): note: instantiated into assembly here
    2 |         mov   r1, #1     
      |                   ^
error: invalid instruction, any one of the following would fix this:
<inline asm>(2): note: instantiated into assembly here
    2 |         mov   r1, #1     
      |         ^
note: operand must be a register in range [r0, r15]
<inline asm>(2): note: instantiated into assembly here
    2 |         mov   r1, #1     
      |                   ^
note: instruction requires: thumb2
<inline asm>(2): note: instantiated into assembly here
    2 |         mov   r1, #1     
      |         ^
note: operand must be an immediate in the range [256,65535]
<inline asm>(2): note: instantiated into assembly here
    2 |         mov   r1, #1     
      |                   ^
error: invalid instruction, any one of the following would fix this:
<inline asm>(2): note: instantiated into assembly here
    2 |         mov   r1, #1     
      |         ^
note: operand must be a register in range [r0, r15]
<inline asm>(2): note: instantiated into assembly here
    2 |         mov   r1, #1     
      |                   ^
note: instruction requires: thumb2
<inline asm>(2): note: instantiated into assembly here
    2 |         mov   r1, #1     
      |         ^
note: operand must be an immediate in the range [256,65535]
<inline asm>(2): note: instantiated into assembly here
    2 |         mov   r1, #1     
      |                   ^
error: invalid instruction, any one of the following would fix this:
<inline asm>(2): note: instantiated into assembly here
    2 |         mov   r1, #1     
      |         ^
note: operand must be a register in range [r0, r15]
<inline asm>(2): note: instantiated into assembly here
    2 |         mov   r1, #1     
      |                   ^
note: instruction requires: thumb2
<inline asm>(2): note: instantiated into assembly here
    2 |         mov   r1, #1     
      |         ^
note: operand must be an immediate in the range [256,65535]
<inline asm>(2): note: instantiated into assembly here
    2 |         mov   r1, #1     
      |                   ^
error: invalid instruction, any one of the following would fix this:
<inline asm>(2): note: instantiated into assembly here
    2 |         mov   r1, #1     
      |         ^
note: operand must be a register in range [r0, r15]
<inline asm>(2): note: instantiated into assembly here
    2 |         mov   r1, #1     
      |                   ^
note: instruction requires: thumb2
<inline asm>(2): note: instantiated into assembly here
    2 |         mov   r1, #1     
      |         ^
note: operand must be an immediate in the range [256,65535]
<inline asm>(2): note: instantiated into assembly here
    2 |         mov   r1, #1     
      |                   ^
error: invalid instruction, any one of the following would fix this:
<inline asm>(2): note: instantiated into assembly here
    2 |         mov   r1, #1     
      |         ^
note: operand must be a register in range [r0, r15]
<inline asm>(2): note: instantiated into assembly here
    2 |         mov   r1, #1     
      |                   ^
note: instruction requires: thumb2
<inline asm>(2): note: instantiated into assembly here
    2 |         mov   r1, #1     
      |         ^
note: operand must be an immediate in the range [256,65535]
<inline asm>(2): note: instantiated into assembly here
    2 |         mov   r1, #1     
      |                   ^
error: invalid instruction, any one of the following would fix this:
<inline asm>(2): note: instantiated into assembly here
    2 |         mov   r1, #1     
      |         ^
note: operand must be a register in range [r0, r15]
<inline asm>(2): note: instantiated into assembly here
    2 |         mov   r1, #1     
      |                   ^
note: instruction requires: thumb2
<inline asm>(2): note: instantiated into assembly here
    2 |         mov   r1, #1     
      |         ^
note: operand must be an immediate in the range [256,65535]
<inline asm>(2): note: instantiated into assembly here
    2 |         mov   r1, #1     
      |                   ^
error: invalid instruction, any one of the following would fix this:
<inline asm>(2): note: instantiated into assembly here
    2 |         mov   r1, #1     
      |         ^
note: operand must be a register in range [r0, r15]
<inline asm>(2): note: instantiated into assembly here
    2 |         mov   r1, #1     
      |                   ^
note: instruction requires: thumb2
<inline asm>(2): note: instantiated into assembly here
    2 |         mov   r1, #1     
      |         ^
note: operand must be an immediate in the range [256,65535]
<inline asm>(2): note: instantiated into assembly here
    2 |         mov   r1, #1     
      |                   ^
error: invalid instruction, any one of the following would fix this:
<inline asm>(2): note: instantiated into assembly here
    2 |         mov   r1, #1     
      |         ^
note: operand must be a register in range [r0, r15]
<inline asm>(2): note: instantiated into assembly here
    2 |         mov   r1, #1     
      |                   ^
note: instruction requires: thumb2
<inline asm>(2): note: instantiated into assembly here
    2 |         mov   r1, #1     
      |         ^
note: operand must be an immediate in the range [256,65535]
<inline asm>(2): note: instantiated into assembly here
    2 |         mov   r1, #1     
      |                   ^
error: invalid instruction, any one of the following would fix this:
<inline asm>(2): note: instantiated into assembly here
    2 |         mov   r1, #1     
      |         ^
note: operand must be a register in range [r0, r15]
<inline asm>(2): note: instantiated into assembly here
    2 |         mov   r1, #1     
      |                   ^
note: instruction requires: thumb2
<inline asm>(2): note: instantiated into assembly here
    2 |         mov   r1, #1     
      |         ^
note: operand must be an immediate in the range [256,65535]
<inline asm>(2): note: instantiated into assembly here
    2 |         mov   r1, #1     
      |                   ^
error: invalid instruction, any one of the following would fix this:
<inline asm>(2): note: instantiated into assembly here
    2 |         mov   r1, #1     
      |         ^
note: operand must be a register in range [r0, r15]
<inline asm>(2): note: instantiated into assembly here
    2 |         mov   r1, #1     
      |                   ^
note: instruction requires: thumb2
<inline asm>(2): note: instantiated into assembly here
    2 |         mov   r1, #1     
      |         ^
note: operand must be an immediate in the range [256,65535]
<inline asm>(2): note: instantiated into assembly here
    2 |         mov   r1, #1     
      |                   ^
14 errors generated.
compiling SEGGER_RTT.c...
".\output\Project.axf" - 14 Error(s), 0 Warning(s).
Target not created.
Build Time Elapsed:  00:00:05
